<?xml version="1.0" encoding="UTF-8"?>
<testsuite xmlns:xsi="http://www.w3.org/2001/XMLSchema-instance" xsi:noNamespaceSchemaLocation="https://maven.apache.org/surefire/maven-surefire-plugin/xsd/surefire-test-report-3.0.xsd" version="3.0" name="com.myproject.blog.BlogApplicationTests" time="6.065" tests="1" errors="0" skipped="0" failures="0">
  <properties>
[...]
</properties>
  <testcase name="contextLoads" classname="com.myproject.blog.BlogApplicationTests" time="0.462">
    <system-out><![CDATA[07:54:01.389 [main] INFO org.springframework.test.context.support.AnnotationConfigContextLoaderUtils -- Could not detect default configuration classes for test class [com.myproject.blog.BlogApplicationTests]: BlogApplicationTests does not declare any static, non-private, non-final, nested classes annotated with @Configuration.
07:54:01.550 [main] INFO org.springframework.boot.test.context.SpringBootTestContextBootstrapper -- Found @SpringBootConfiguration com.myproject.blog.BlogApplication for test class com.myproject.blog.BlogApplicationTests
07:54:01.730 [main] INFO org.springframework.boot.devtools.restart.RestartApplicationListener -- Restart disabled due to context in which it is running

  .   ____          _            __ _ _
 /\\ / ___'_ __ _ _(_)_ __  __ _ \ \ \ \
( ( )\___ | '_ | '_| | '_ \/ _` | \ \ \ \
 \\/  ___)| |_)| | | | | || (_| |  ) ) ) )
  '  |____| .__|_| |_|_| |_\__, | / / / /
 =========|_|==============|___/=/_/_/_/
 :: Spring Boot ::                (v3.2.2)

2025-03-08T07:54:02.098+07:00  INFO 21480 --- [blog] [           main] c.myproject.blog.BlogApplicationTests    : Starting BlogApplicationTests using Java 22.0.1 with PID 21480 (started by minhn in D:\workspace\Blog-Fullstack\Back-end)
2025-03-08T07:54:02.098+07:00  INFO 21480 --- [blog] [           main] c.myproject.blog.BlogApplicationTests    : No active profile set, falling back to 1 default profile: "default"
2025-03-08T07:54:02.835+07:00  INFO 21480 --- [blog] [           main] .s.d.r.c.RepositoryConfigurationDelegate : Bootstrapping Spring Data JPA repositories in DEFAULT mode.
2025-03-08T07:54:02.898+07:00  INFO 21480 --- [blog] [           main] .s.d.r.c.RepositoryConfigurationDelegate : Finished Spring Data repository scanning in 53 ms. Found 3 JPA repository interfaces.
2025-03-08T07:54:03.537+07:00  INFO 21480 --- [blog] [           main] o.hibernate.jpa.internal.util.LogHelper  : HHH000204: Processing PersistenceUnitInfo [name: default]
2025-03-08T07:54:03.603+07:00  INFO 21480 --- [blog] [           main] org.hibernate.Version                    : HHH000412: Hibernate ORM core version 6.4.1.Final
2025-03-08T07:54:03.639+07:00  INFO 21480 --- [blog] [           main] o.h.c.internal.RegionFactoryInitiator    : HHH000026: Second-level cache disabled
2025-03-08T07:54:03.909+07:00  INFO 21480 --- [blog] [           main] o.s.o.j.p.SpringPersistenceUnitInfo      : No LoadTimeWeaver setup: ignoring JPA class transformer
2025-03-08T07:54:03.935+07:00  INFO 21480 --- [blog] [           main] com.zaxxer.hikari.HikariDataSource       : HikariPool-1 - Starting...
2025-03-08T07:54:04.353+07:00  INFO 21480 --- [blog] [           main] com.zaxxer.hikari.pool.HikariPool        : HikariPool-1 - Added connection ConnectionID:1 ClientConnectionId: 4c0747b7-a482-43a6-b446-8ce3c38a9998
2025-03-08T07:54:04.359+07:00  INFO 21480 --- [blog] [           main] com.zaxxer.hikari.HikariDataSource       : HikariPool-1 - Start completed.
2025-03-08T07:54:04.379+07:00  WARN 21480 --- [blog] [           main] org.hibernate.orm.deprecation            : HHH90000025: SQLServerDialect does not need to be specified explicitly using 'hibernate.dialect' (remove the property setting and it will be selected by default)
2025-03-08T07:54:04.786+07:00  WARN 21480 --- [blog] [           main] org.hibernate.mapping.RootClass          : HHH000038: Composite-id class does not override equals(): com.myproject.blog.Model.PostCategoryId
2025-03-08T07:54:04.786+07:00  WARN 21480 --- [blog] [           main] org.hibernate.mapping.RootClass          : HHH000039: Composite-id class does not override hashCode(): com.myproject.blog.Model.PostCategoryId
2025-03-08T07:54:05.406+07:00  INFO 21480 --- [blog] [           main] o.h.e.t.j.p.i.JtaPlatformInitiator       : HHH000489: No JTA platform available (set 'hibernate.transaction.jta.platform' to enable JTA platform integration)
2025-03-08T07:54:05.422+07:00  INFO 21480 --- [blog] [           main] j.LocalContainerEntityManagerFactoryBean : Initialized JPA EntityManagerFactory for persistence unit 'default'
2025-03-08T07:54:05.801+07:00  INFO 21480 --- [blog] [           main] o.s.d.j.r.query.QueryEnhancerFactory     : Hibernate is in classpath; If applicable, HQL parser will be used.
2025-03-08T07:54:05.977+07:00  WARN 21480 --- [blog] [           main] JpaBaseConfiguration$JpaWebConfiguration : spring.jpa.open-in-view is enabled by default. Therefore, database queries may be performed during view rendering. Explicitly configure spring.jpa.open-in-view to disable this warning
2025-03-08T07:54:06.366+07:00  INFO 21480 --- [blog] [           main] o.s.s.web.DefaultSecurityFilterChain     : Will secure any request with [org.springframework.security.web.session.DisableEncodeUrlFilter@1bd53c5c, org.springframework.security.web.context.request.async.WebAsyncManagerIntegrationFilter@38affd02, org.springframework.security.web.context.SecurityContextPersistenceFilter@4e23ddf0, org.springframework.security.web.header.HeaderWriterFilter@5a0b550a, org.springframework.web.filter.CorsFilter@41271320, org.springframework.security.web.authentication.logout.LogoutFilter@48543f11, com.myproject.blog.Security.CustomUserNamePasswordAuthenticationFilter@481eb705, org.springframework.security.web.savedrequest.RequestCacheAwareFilter@7e305953, org.springframework.security.web.servletapi.SecurityContextHolderAwareRequestFilter@59d7d574, org.springframework.security.web.authentication.AnonymousAuthenticationFilter@72e9f0f7, org.springframework.security.web.access.ExceptionTranslationFilter@7cb4d4ee, org.springframework.security.web.access.intercept.AuthorizationFilter@7894a250]
2025-03-08T07:54:06.719+07:00  INFO 21480 --- [blog] [           main] c.myproject.blog.BlogApplicationTests    : Started BlogApplicationTests in 5.01 seconds (process running for 6.238)
]]></system-out>
    <system-err><![CDATA[WARNING: A Java agent has been loaded dynamically (C:\Users\minhn\.m2\repository\net\bytebuddy\byte-buddy-agent\1.14.11\byte-buddy-agent-1.14.11.jar)
WARNING: If a serviceability tool is in use, please run with -XX:+EnableDynamicAgentLoading to hide this warning
WARNING: If a serviceability tool is not in use, please run with -Djdk.instrument.traceUsage for more information
WARNING: Dynamic loading of agents will be disallowed by default in a future release
]]></system-err>
  </testcase>
</testsuite>